<?xml version="1.0" encoding="UTF-8"?>
<!-- Generated by org.testng.reporters.JUnitReportReporter -->
<testsuite hostname="LAPTOP-UMRFB5PU" failures="0" tests="1" name="com.inetbanking.testcases.TC_MercuryTourpage" time="2.456" errors="0" timestamp="2021-08-31T22:05:44 IST" skipped="0">
  <testcase classname="com.inetbanking.testcases.TC_MercuryTourpage" name="EndtoEndTestcase" time="2.456"/>
  <system-out/>
</testsuite> <!-- com.inetbanking.testcases.TC_MercuryTourpage -->
