<?xml version="1.0" encoding="UTF-8"?>
<!-- Generated by org.testng.reporters.JUnitReportReporter -->
<testsuite hostname="LAPTOP-UMRFB5PU" failures="0" tests="1" name="com.inetbanking.testcases.TC_random_test" time="0.561" errors="0" timestamp="2021-09-01T10:57:18 IST" skipped="0">
  <testcase classname="com.inetbanking.testcases.TC_random_test" name="randtest" time="0.561"/>
  <system-out/>
</testsuite> <!-- com.inetbanking.testcases.TC_random_test -->
