<?xml version="1.0" encoding="UTF-8"?>
<!-- Generated by org.testng.reporters.JUnitReportReporter -->
<testsuite hostname="shubham" name="com.inetbanking.testcases.TC_AddCustomerTest_003" tests="1" failures="0" timestamp="10 Aug 2021 02:00:36 GMT" time="25.607" errors="0">
  <testcase name="addNewCustomer" time="25.607" classname="com.inetbanking.testcases.TC_AddCustomerTest_003"/>
</testsuite> <!-- com.inetbanking.testcases.TC_AddCustomerTest_003 -->
