<?xml version="1.0" encoding="UTF-8"?>
<!-- Generated by org.testng.reporters.JUnitReportReporter -->
<testsuite hostname="LAPTOP-UMRFB5PU" failures="0" tests="1" name="com.inetbanking.testcases.TC_SelectHandson" time="4.054" errors="0" timestamp="2021-08-31T21:18:28 IST" skipped="0">
  <testcase classname="com.inetbanking.testcases.TC_SelectHandson" name="selectoptionvalue" time="4.054"/>
  <system-out/>
</testsuite> <!-- com.inetbanking.testcases.TC_SelectHandson -->
